# JRE version: OpenJDK Runtime Environment Temurin-17.0.10+7 (17.0.10+7) (build 17.0.10+7)
# Java VM: OpenJDK 64-Bit Server VM Temurin-17.0.10+7 (17.0.10+7, mixed mode, emulated-client, tiered, compressed oops, compressed class ptrs, g1 gc, windows-amd64)
GC Precious Log:
 CPUs: 8 total, 8 available
 Memory: 8025M
 Large Page Support: Disabled
 NUMA Support: Disabled
 Compressed Oops: Enabled (32-bit)
 Heap Region Size: 1M
 Heap Min Capacity: 8M
 Heap Initial Capacity: 126M
 Heap Max Capacity: 1G
 Pre-touch: Disabled
 Parallel Workers: 8
 Concurrent Workers: 2
 Concurrent Refinement Workers: 8
 Periodic GC: Disabled
Heap:
 garbage-first heap   total 101376K, used 34914K [0x00000000c0000000, 0x0000000100000000)
  region size 1024K, 1 young (1024K), 0 survivors (0K)
 Metaspace       used 58407K, committed 59200K, reserved 1114112K
  class space    used 7262K, committed 7552K, reserved 1048576K
GC Heap History (20 events):
Event: 2004.845 GC heap before
{Heap before GC invocations=207 (full 186):
 garbage-first heap   total 101376K, used 34914K [0x00000000c0000000, 0x0000000100000000)
  region size 1024K, 1 young (1024K), 0 survivors (0K)
 Metaspace       used 58407K, committed 59200K, reserved 1114112K
  class space    used 7262K, committed 7552K, reserved 1048576K
}
Event: 2004.887 GC heap after
{Heap after GC invocations=208 (full 187):
 garbage-first heap   total 101376K, used 34914K [0x00000000c0000000, 0x0000000100000000)
  region size 1024K, 0 young (0K), 0 survivors (0K)
 Metaspace       used 58407K, committed 59200K, reserved 1114112K
  class space    used 7262K, committed 7552K, reserved 1048576K
}
Event: 2015.125 GC heap before
{Heap before GC invocations=208 (full 187):
 garbage-first heap   total 101376K, used 34914K [0x00000000c0000000, 0x0000000100000000)
  region size 1024K, 1 young (1024K), 0 survivors (0K)
 Metaspace       used 58407K, committed 59200K, reserved 1114112K
  class space    used 7262K, committed 7552K, reserved 1048576K
}
Event: 2015.153 GC heap after
{Heap after GC invocations=209 (full 188):
 garbage-first heap   total 101376K, used 34914K [0x00000000c0000000, 0x0000000100000000)
  region size 1024K, 0 young (0K), 0 survivors (0K)
 Metaspace       used 58407K, committed 59200K, reserved 1114112K
  class space    used 7262K, committed 7552K, reserved 1048576K
}
Event: 2025.387 GC heap before
{Heap before GC invocations=209 (full 188):
 garbage-first heap   total 101376K, used 34914K [0x00000000c0000000, 0x0000000100000000)
  region size 1024K, 1 young (1024K), 0 survivors (0K)
 Metaspace       used 58407K, committed 59200K, reserved 1114112K
  class space    used 7262K, committed 7552K, reserved 1048576K
}
Event: 2025.422 GC heap after
{Heap after GC invocations=210 (full 189):
 garbage-first heap   total 101376K, used 34914K [0x00000000c0000000, 0x0000000100000000)
  region size 1024K, 0 young (0K), 0 survivors (0K)
 Metaspace       used 58407K, committed 59200K, reserved 1114112K
  class space    used 7262K, committed 7552K, reserved 1048576K
}
Event: 2035.663 GC heap before
{Heap before GC invocations=210 (full 189):
 garbage-first heap   total 101376K, used 34914K [0x00000000c0000000, 0x0000000100000000)
  region size 1024K, 1 young (1024K), 0 survivors (0K)
 Metaspace       used 58407K, committed 59200K, reserved 1114112K
  class space    used 7262K, committed 7552K, reserved 1048576K
}
Event: 2035.704 GC heap after
{Heap after GC invocations=211 (full 190):
 garbage-first heap   total 101376K, used 34914K [0x00000000c0000000, 0x0000000100000000)
  region size 1024K, 0 young (0K), 0 survivors (0K)
 Metaspace       used 58407K, committed 59200K, reserved 1114112K
  class space    used 7262K, committed 7552K, reserved 1048576K
}
Event: 2045.955 GC heap before
{Heap before GC invocations=211 (full 190):
 garbage-first heap   total 101376K, used 34914K [0x00000000c0000000, 0x0000000100000000)
  region size 1024K, 1 young (1024K), 0 survivors (0K)
 Metaspace       used 58407K, committed 59200K, reserved 1114112K
  class space    used 7262K, committed 7552K, reserved 1048576K
}
Event: 2045.985 GC heap after
{Heap after GC invocations=212 (full 191):
 garbage-first heap   total 101376K, used 34914K [0x00000000c0000000, 0x0000000100000000)
  region size 1024K, 0 young (0K), 0 survivors (0K)
 Metaspace       used 58407K, committed 59200K, reserved 1114112K
  class space    used 7262K, committed 7552K, reserved 1048576K
}
Event: 2056.780 GC heap before
{Heap before GC invocations=212 (full 191):
 garbage-first heap   total 101376K, used 34914K [0x00000000c0000000, 0x0000000100000000)
  region size 1024K, 1 young (1024K), 0 survivors (0K)
 Metaspace       used 58407K, committed 59200K, reserved 1114112K
  class space    used 7262K, committed 7552K, reserved 1048576K
}
Event: 2056.821 GC heap after
{Heap after GC invocations=213 (full 192):
 garbage-first heap   total 101376K, used 34914K [0x00000000c0000000, 0x0000000100000000)
  region size 1024K, 0 young (0K), 0 survivors (0K)
 Metaspace       used 58407K, committed 59200K, reserved 1114112K
  class space    used 7262K, committed 7552K, reserved 1048576K
}
Event: 2067.037 GC heap before
{Heap before GC invocations=213 (full 192):
 garbage-first heap   total 101376K, used 34914K [0x00000000c0000000, 0x0000000100000000)
  region size 1024K, 1 young (1024K), 0 survivors (0K)
 Metaspace       used 58407K, committed 59200K, reserved 1114112K
  class space    used 7262K, committed 7552K, reserved 1048576K
}
Event: 2067.072 GC heap after
{Heap after GC invocations=214 (full 193):
 garbage-first heap   total 101376K, used 34914K [0x00000000c0000000, 0x0000000100000000)
  region size 1024K, 0 young (0K), 0 survivors (0K)
 Metaspace       used 58407K, committed 59200K, reserved 1114112K
  class space    used 7262K, committed 7552K, reserved 1048576K
}
Event: 2077.645 GC heap before
{Heap before GC invocations=214 (full 193):
 garbage-first heap   total 101376K, used 34914K [0x00000000c0000000, 0x0000000100000000)
  region size 1024K, 1 young (1024K), 0 survivors (0K)
 Metaspace       used 58407K, committed 59200K, reserved 1114112K
  class space    used 7262K, committed 7552K, reserved 1048576K
}
Event: 2077.686 GC heap after
{Heap after GC invocations=215 (full 194):
 garbage-first heap   total 101376K, used 34914K [0x00000000c0000000, 0x0000000100000000)
  region size 1024K, 0 young (0K), 0 survivors (0K)
 Metaspace       used 58407K, committed 59200K, reserved 1114112K
  class space    used 7262K, committed 7552K, reserved 1048576K
}
Event: 2087.953 GC heap before
{Heap before GC invocations=215 (full 194):
 garbage-first heap   total 101376K, used 34914K [0x00000000c0000000, 0x0000000100000000)
  region size 1024K, 1 young (1024K), 0 survivors (0K)
 Metaspace       used 58407K, committed 59200K, reserved 1114112K
  class space    used 7262K, committed 7552K, reserved 1048576K
}
Event: 2087.988 GC heap after
{Heap after GC invocations=216 (full 195):
 garbage-first heap   total 101376K, used 34914K [0x00000000c0000000, 0x0000000100000000)
  region size 1024K, 0 young (0K), 0 survivors (0K)
 Metaspace       used 58407K, committed 59200K, reserved 1114112K
  class space    used 7262K, committed 7552K, reserved 1048576K
}
Event: 2098.492 GC heap before
{Heap before GC invocations=216 (full 195):
 garbage-first heap   total 101376K, used 34914K [0x00000000c0000000, 0x0000000100000000)
  region size 1024K, 1 young (1024K), 0 survivors (0K)
 Metaspace       used 58407K, committed 59200K, reserved 1114112K
  class space    used 7262K, committed 7552K, reserved 1048576K
}
Event: 2098.521 GC heap after
{Heap after GC invocations=217 (full 196):
 garbage-first heap   total 101376K, used 34914K [0x00000000c0000000, 0x0000000100000000)
  region size 1024K, 0 young (0K), 0 survivors (0K)
 Metaspace       used 58407K, committed 59200K, reserved 1114112K
  class space    used 7262K, committed 7552K, reserved 1048576K
}

