# JRE version: OpenJDK Runtime Environment Temurin-17.0.10+7 (17.0.10+7) (build 17.0.10+7)
# Java VM: OpenJDK 64-Bit Server VM Temurin-17.0.10+7 (17.0.10+7, mixed mode, tiered, compressed oops, compressed class ptrs, parallel gc, windows-amd64)
GC Precious Log:
 CPUs: 8 total, 8 available
 Memory: 8025M
 Large Page Support: Disabled
 NUMA Support: Disabled
 Compressed Oops: Enabled (32-bit)
 Alignments: Space 512K, Generation 512K, Heap 2M
 Heap Min Capacity: 100M
 Heap Initial Capacity: 100M
 Heap Max Capacity: 1G
 Pre-touch: Disabled
 Parallel Workers: 8
Heap:
 PSYoungGen      total 15360K, used 15323K [0x00000000eab00000, 0x00000000ebc80000, 0x0000000100000000)
  eden space 14848K, 99% used [0x00000000eab00000,0x00000000eb97efb8,0x00000000eb980000)
  from space 512K, 93% used [0x00000000ebb80000,0x00000000ebbf8010,0x00000000ebc00000)
  to   space 1536K, 0% used [0x00000000eb980000,0x00000000eb980000,0x00000000ebb00000)
 ParOldGen       total 68608K, used 46249K [0x00000000c0000000, 0x00000000c4300000, 0x00000000eab00000)
  object space 68608K, 67% used [0x00000000c0000000,0x00000000c2d2a7f8,0x00000000c4300000)
 Metaspace       used 60153K, committed 61376K, reserved 1114112K
  class space    used 6479K, committed 7040K, reserved 1048576K
GC Heap History (20 events):
Event: 29.113 GC heap before
{Heap before GC invocations=30 (full 2):
 PSYoungGen      total 16384K, used 16144K [0x00000000eab00000, 0x00000000ec000000, 0x0000000100000000)
  eden space 14848K, 100% used [0x00000000eab00000,0x00000000eb980000,0x00000000eb980000)
  from space 1536K, 84% used [0x00000000eb980000,0x00000000ebac4010,0x00000000ebb00000)
  to   space 3072K, 0% used [0x00000000ebd00000,0x00000000ebd00000,0x00000000ec000000)
 ParOldGen       total 68608K, used 38041K [0x00000000c0000000, 0x00000000c4300000, 0x00000000eab00000)
  object space 68608K, 55% used [0x00000000c0000000,0x00000000c2526580,0x00000000c4300000)
 Metaspace       used 56349K, committed 57536K, reserved 1114112K
  class space    used 6029K, committed 6592K, reserved 1048576K
}
Event: 29.117 GC heap after
{Heap after GC invocations=30 (full 2):
 PSYoungGen      total 16896K, used 1856K [0x00000000eab00000, 0x00000000ebf00000, 0x0000000100000000)
  eden space 14848K, 0% used [0x00000000eab00000,0x00000000eab00000,0x00000000eb980000)
  from space 2048K, 90% used [0x00000000ebd00000,0x00000000ebed0040,0x00000000ebf00000)
  to   space 2048K, 0% used [0x00000000ebb00000,0x00000000ebb00000,0x00000000ebd00000)
 ParOldGen       total 68608K, used 39173K [0x00000000c0000000, 0x00000000c4300000, 0x00000000eab00000)
  object space 68608K, 57% used [0x00000000c0000000,0x00000000c2641520,0x00000000c4300000)
 Metaspace       used 56349K, committed 57536K, reserved 1114112K
  class space    used 6029K, committed 6592K, reserved 1048576K
}
Event: 29.383 GC heap before
{Heap before GC invocations=31 (full 2):
 PSYoungGen      total 16896K, used 16704K [0x00000000eab00000, 0x00000000ebf00000, 0x0000000100000000)
  eden space 14848K, 100% used [0x00000000eab00000,0x00000000eb980000,0x00000000eb980000)
  from space 2048K, 90% used [0x00000000ebd00000,0x00000000ebed0040,0x00000000ebf00000)
  to   space 2048K, 0% used [0x00000000ebb00000,0x00000000ebb00000,0x00000000ebd00000)
 ParOldGen       total 68608K, used 39173K [0x00000000c0000000, 0x00000000c4300000, 0x00000000eab00000)
  object space 68608K, 57% used [0x00000000c0000000,0x00000000c2641520,0x00000000c4300000)
 Metaspace       used 56466K, committed 57664K, reserved 1114112K
  class space    used 6032K, committed 6592K, reserved 1048576K
}
Event: 29.388 GC heap after
{Heap after GC invocations=31 (full 2):
 PSYoungGen      total 16896K, used 1824K [0x00000000eab00000, 0x00000000ebd80000, 0x0000000100000000)
  eden space 14848K, 0% used [0x00000000eab00000,0x00000000eab00000,0x00000000eb980000)
  from space 2048K, 89% used [0x00000000ebb00000,0x00000000ebcc8010,0x00000000ebd00000)
  to   space 512K, 0% used [0x00000000ebd00000,0x00000000ebd00000,0x00000000ebd80000)
 ParOldGen       total 68608K, used 40817K [0x00000000c0000000, 0x00000000c4300000, 0x00000000eab00000)
  object space 68608K, 59% used [0x00000000c0000000,0x00000000c27dc570,0x00000000c4300000)
 Metaspace       used 56466K, committed 57664K, reserved 1114112K
  class space    used 6032K, committed 6592K, reserved 1048576K
}
Event: 29.550 GC heap before
{Heap before GC invocations=32 (full 2):
 PSYoungGen      total 16896K, used 16672K [0x00000000eab00000, 0x00000000ebd80000, 0x0000000100000000)
  eden space 14848K, 100% used [0x00000000eab00000,0x00000000eb980000,0x00000000eb980000)
  from space 2048K, 89% used [0x00000000ebb00000,0x00000000ebcc8010,0x00000000ebd00000)
  to   space 512K, 0% used [0x00000000ebd00000,0x00000000ebd00000,0x00000000ebd80000)
 ParOldGen       total 68608K, used 40817K [0x00000000c0000000, 0x00000000c4300000, 0x00000000eab00000)
  object space 68608K, 59% used [0x00000000c0000000,0x00000000c27dc570,0x00000000c4300000)
 Metaspace       used 56509K, committed 57728K, reserved 1114112K
  class space    used 6032K, committed 6592K, reserved 1048576K
}
Event: 29.554 GC heap after
{Heap after GC invocations=32 (full 2):
 PSYoungGen      total 15360K, used 512K [0x00000000eab00000, 0x00000000ec080000, 0x0000000100000000)
  eden space 14848K, 0% used [0x00000000eab00000,0x00000000eab00000,0x00000000eb980000)
  from space 512K, 100% used [0x00000000ebd00000,0x00000000ebd80000,0x00000000ebd80000)
  to   space 3584K, 0% used [0x00000000eb980000,0x00000000eb980000,0x00000000ebd00000)
 ParOldGen       total 68608K, used 43475K [0x00000000c0000000, 0x00000000c4300000, 0x00000000eab00000)
  object space 68608K, 63% used [0x00000000c0000000,0x00000000c2a74ca8,0x00000000c4300000)
 Metaspace       used 56509K, committed 57728K, reserved 1114112K
  class space    used 6032K, committed 6592K, reserved 1048576K
}
Event: 29.722 GC heap before
{Heap before GC invocations=33 (full 2):
 PSYoungGen      total 15360K, used 15360K [0x00000000eab00000, 0x00000000ec080000, 0x0000000100000000)
  eden space 14848K, 100% used [0x00000000eab00000,0x00000000eb980000,0x00000000eb980000)
  from space 512K, 100% used [0x00000000ebd00000,0x00000000ebd80000,0x00000000ebd80000)
  to   space 3584K, 0% used [0x00000000eb980000,0x00000000eb980000,0x00000000ebd00000)
 ParOldGen       total 68608K, used 43475K [0x00000000c0000000, 0x00000000c4300000, 0x00000000eab00000)
  object space 68608K, 63% used [0x00000000c0000000,0x00000000c2a74ca8,0x00000000c4300000)
 Metaspace       used 56575K, committed 57792K, reserved 1114112K
  class space    used 6032K, committed 6592K, reserved 1048576K
}
Event: 29.725 GC heap after
{Heap after GC invocations=33 (full 2):
 PSYoungGen      total 16896K, used 1568K [0x00000000eab00000, 0x00000000ebe80000, 0x0000000100000000)
  eden space 14848K, 0% used [0x00000000eab00000,0x00000000eab00000,0x00000000eb980000)
  from space 2048K, 76% used [0x00000000eb980000,0x00000000ebb08010,0x00000000ebb80000)
  to   space 2560K, 0% used [0x00000000ebc00000,0x00000000ebc00000,0x00000000ebe80000)
 ParOldGen       total 68608K, used 44035K [0x00000000c0000000, 0x00000000c4300000, 0x00000000eab00000)
  object space 68608K, 64% used [0x00000000c0000000,0x00000000c2b00ca8,0x00000000c4300000)
 Metaspace       used 56575K, committed 57792K, reserved 1114112K
  class space    used 6032K, committed 6592K, reserved 1048576K
}
Event: 30.082 GC heap before
{Heap before GC invocations=34 (full 2):
 PSYoungGen      total 16896K, used 16413K [0x00000000eab00000, 0x00000000ebe80000, 0x0000000100000000)
  eden space 14848K, 99% used [0x00000000eab00000,0x00000000eb97f4e0,0x00000000eb980000)
  from space 2048K, 76% used [0x00000000eb980000,0x00000000ebb08010,0x00000000ebb80000)
  to   space 2560K, 0% used [0x00000000ebc00000,0x00000000ebc00000,0x00000000ebe80000)
 ParOldGen       total 68608K, used 44035K [0x00000000c0000000, 0x00000000c4300000, 0x00000000eab00000)
  object space 68608K, 64% used [0x00000000c0000000,0x00000000c2b00ca8,0x00000000c4300000)
 Metaspace       used 57857K, committed 59008K, reserved 1114112K
  class space    used 6191K, committed 6720K, reserved 1048576K
}
Event: 30.086 GC heap after
{Heap after GC invocations=34 (full 2):
 PSYoungGen      total 16384K, used 1319K [0x00000000eab00000, 0x00000000ebd80000, 0x0000000100000000)
  eden space 14848K, 0% used [0x00000000eab00000,0x00000000eab00000,0x00000000eb980000)
  from space 1536K, 85% used [0x00000000ebc00000,0x00000000ebd49d48,0x00000000ebd80000)
  to   space 1536K, 0% used [0x00000000eba80000,0x00000000eba80000,0x00000000ebc00000)
 ParOldGen       total 68608K, used 45450K [0x00000000c0000000, 0x00000000c4300000, 0x00000000eab00000)
  object space 68608K, 66% used [0x00000000c0000000,0x00000000c2c62860,0x00000000c4300000)
 Metaspace       used 57857K, committed 59008K, reserved 1114112K
  class space    used 6191K, committed 6720K, reserved 1048576K
}
Event: 30.500 GC heap before
{Heap before GC invocations=35 (full 2):
 PSYoungGen      total 16384K, used 16151K [0x00000000eab00000, 0x00000000ebd80000, 0x0000000100000000)
  eden space 14848K, 99% used [0x00000000eab00000,0x00000000eb97c210,0x00000000eb980000)
  from space 1536K, 85% used [0x00000000ebc00000,0x00000000ebd49d48,0x00000000ebd80000)
  to   space 1536K, 0% used [0x00000000eba80000,0x00000000eba80000,0x00000000ebc00000)
 ParOldGen       total 68608K, used 45450K [0x00000000c0000000, 0x00000000c4300000, 0x00000000eab00000)
  object space 68608K, 66% used [0x00000000c0000000,0x00000000c2c62860,0x00000000c4300000)
 Metaspace       used 58586K, committed 59712K, reserved 1114112K
  class space    used 6276K, committed 6784K, reserved 1048576K
}
Event: 30.503 GC heap after
{Heap after GC invocations=35 (full 2):
 PSYoungGen      total 15872K, used 787K [0x00000000eab00000, 0x00000000ebc80000, 0x0000000100000000)
  eden space 14848K, 0% used [0x00000000eab00000,0x00000000eab00000,0x00000000eb980000)
  from space 1024K, 76% used [0x00000000eba80000,0x00000000ebb44f88,0x00000000ebb80000)
  to   space 1024K, 0% used [0x00000000ebb80000,0x00000000ebb80000,0x00000000ebc80000)
 ParOldGen       total 68608K, used 46567K [0x00000000c0000000, 0x00000000c4300000, 0x00000000eab00000)
  object space 68608K, 67% used [0x00000000c0000000,0x00000000c2d79ea8,0x00000000c4300000)
 Metaspace       used 58586K, committed 59712K, reserved 1114112K
  class space    used 6276K, committed 6784K, reserved 1048576K
}
Event: 30.694 GC heap before
{Heap before GC invocations=36 (full 2):
 PSYoungGen      total 15872K, used 7414K [0x00000000eab00000, 0x00000000ebc80000, 0x0000000100000000)
  eden space 14848K, 44% used [0x00000000eab00000,0x00000000eb178960,0x00000000eb980000)
  from space 1024K, 76% used [0x00000000eba80000,0x00000000ebb44f88,0x00000000ebb80000)
  to   space 1024K, 0% used [0x00000000ebb80000,0x00000000ebb80000,0x00000000ebc80000)
 ParOldGen       total 68608K, used 46567K [0x00000000c0000000, 0x00000000c4300000, 0x00000000eab00000)
  object space 68608K, 67% used [0x00000000c0000000,0x00000000c2d79ea8,0x00000000c4300000)
 Metaspace       used 58646K, committed 59776K, reserved 1114112K
  class space    used 6284K, committed 6784K, reserved 1048576K
}
Event: 30.697 GC heap after
{Heap after GC invocations=36 (full 2):
 PSYoungGen      total 15872K, used 832K [0x00000000eab00000, 0x00000000ebc80000, 0x0000000100000000)
  eden space 14848K, 0% used [0x00000000eab00000,0x00000000eab00000,0x00000000eb980000)
  from space 1024K, 81% used [0x00000000ebb80000,0x00000000ebc50000,0x00000000ebc80000)
  to   space 1024K, 0% used [0x00000000eba80000,0x00000000eba80000,0x00000000ebb80000)
 ParOldGen       total 68608K, used 47228K [0x00000000c0000000, 0x00000000c4300000, 0x00000000eab00000)
  object space 68608K, 68% used [0x00000000c0000000,0x00000000c2e1f0f0,0x00000000c4300000)
 Metaspace       used 58646K, committed 59776K, reserved 1114112K
  class space    used 6284K, committed 6784K, reserved 1048576K
}
Event: 30.697 GC heap before
{Heap before GC invocations=37 (full 3):
 PSYoungGen      total 15872K, used 832K [0x00000000eab00000, 0x00000000ebc80000, 0x0000000100000000)
  eden space 14848K, 0% used [0x00000000eab00000,0x00000000eab00000,0x00000000eb980000)
  from space 1024K, 81% used [0x00000000ebb80000,0x00000000ebc50000,0x00000000ebc80000)
  to   space 1024K, 0% used [0x00000000eba80000,0x00000000eba80000,0x00000000ebb80000)
 ParOldGen       total 68608K, used 47228K [0x00000000c0000000, 0x00000000c4300000, 0x00000000eab00000)
  object space 68608K, 68% used [0x00000000c0000000,0x00000000c2e1f0f0,0x00000000c4300000)
 Metaspace       used 58646K, committed 59776K, reserved 1114112K
  class space    used 6284K, committed 6784K, reserved 1048576K
}
Event: 30.842 GC heap after
{Heap after GC invocations=37 (full 3):
 PSYoungGen      total 15872K, used 0K [0x00000000eab00000, 0x00000000ebc80000, 0x0000000100000000)
  eden space 14848K, 0% used [0x00000000eab00000,0x00000000eab00000,0x00000000eb980000)
  from space 1024K, 0% used [0x00000000ebb80000,0x00000000ebb80000,0x00000000ebc80000)
  to   space 1024K, 0% used [0x00000000eba80000,0x00000000eba80000,0x00000000ebb80000)
 ParOldGen       total 68608K, used 45508K [0x00000000c0000000, 0x00000000c4300000, 0x00000000eab00000)
  object space 68608K, 66% used [0x00000000c0000000,0x00000000c2c71100,0x00000000c4300000)
 Metaspace       used 58646K, committed 59776K, reserved 1114112K
  class space    used 6284K, committed 6784K, reserved 1048576K
}
Event: 31.164 GC heap before
{Heap before GC invocations=38 (full 3):
 PSYoungGen      total 15872K, used 14848K [0x00000000eab00000, 0x00000000ebc80000, 0x0000000100000000)
  eden space 14848K, 100% used [0x00000000eab00000,0x00000000eb980000,0x00000000eb980000)
  from space 1024K, 0% used [0x00000000ebb80000,0x00000000ebb80000,0x00000000ebc80000)
  to   space 1024K, 0% used [0x00000000eba80000,0x00000000eba80000,0x00000000ebb80000)
 ParOldGen       total 68608K, used 45508K [0x00000000c0000000, 0x00000000c4300000, 0x00000000eab00000)
  object space 68608K, 66% used [0x00000000c0000000,0x00000000c2c71100,0x00000000c4300000)
 Metaspace       used 58858K, committed 60032K, reserved 1114112K
  class space    used 6320K, committed 6848K, reserved 1048576K
}
Event: 31.165 GC heap after
{Heap after GC invocations=38 (full 3):
 PSYoungGen      total 15872K, used 640K [0x00000000eab00000, 0x00000000ebc00000, 0x0000000100000000)
  eden space 14848K, 0% used [0x00000000eab00000,0x00000000eab00000,0x00000000eb980000)
  from space 1024K, 62% used [0x00000000eba80000,0x00000000ebb20000,0x00000000ebb80000)
  to   space 512K, 0% used [0x00000000ebb80000,0x00000000ebb80000,0x00000000ebc00000)
 ParOldGen       total 68608K, used 45516K [0x00000000c0000000, 0x00000000c4300000, 0x00000000eab00000)
  object space 68608K, 66% used [0x00000000c0000000,0x00000000c2c73100,0x00000000c4300000)
 Metaspace       used 58858K, committed 60032K, reserved 1114112K
  class space    used 6320K, committed 6848K, reserved 1048576K
}
Event: 31.544 GC heap before
{Heap before GC invocations=39 (full 3):
 PSYoungGen      total 15872K, used 15488K [0x00000000eab00000, 0x00000000ebc00000, 0x0000000100000000)
  eden space 14848K, 100% used [0x00000000eab00000,0x00000000eb980000,0x00000000eb980000)
  from space 1024K, 62% used [0x00000000eba80000,0x00000000ebb20000,0x00000000ebb80000)
  to   space 512K, 0% used [0x00000000ebb80000,0x00000000ebb80000,0x00000000ebc00000)
 ParOldGen       total 68608K, used 45516K [0x00000000c0000000, 0x00000000c4300000, 0x00000000eab00000)
  object space 68608K, 66% used [0x00000000c0000000,0x00000000c2c73100,0x00000000c4300000)
 Metaspace       used 59610K, committed 60736K, reserved 1114112K
  class space    used 6405K, committed 6912K, reserved 1048576K
}
Event: 31.546 GC heap after
{Heap after GC invocations=39 (full 3):
 PSYoungGen      total 15360K, used 480K [0x00000000eab00000, 0x00000000ebc80000, 0x0000000100000000)
  eden space 14848K, 0% used [0x00000000eab00000,0x00000000eab00000,0x00000000eb980000)
  from space 512K, 93% used [0x00000000ebb80000,0x00000000ebbf8010,0x00000000ebc00000)
  to   space 1536K, 0% used [0x00000000eb980000,0x00000000eb980000,0x00000000ebb00000)
 ParOldGen       total 68608K, used 46249K [0x00000000c0000000, 0x00000000c4300000, 0x00000000eab00000)
  object space 68608K, 67% used [0x00000000c0000000,0x00000000c2d2a7f8,0x00000000c4300000)
 Metaspace       used 59610K, committed 60736K, reserved 1114112K
  class space    used 6405K, committed 6912K, reserved 1048576K
}

