# JRE version: OpenJDK Runtime Environment Temurin-17.0.10+7 (17.0.10+7) (build 17.0.10+7)
# Java VM: OpenJDK 64-Bit Server VM Temurin-17.0.10+7 (17.0.10+7, mixed mode, tiered, compressed oops, compressed class ptrs, parallel gc, windows-amd64)
GC Precious Log:
 CPUs: 8 total, 8 available
 Memory: 8025M
 Large Page Support: Disabled
 NUMA Support: Disabled
 Compressed Oops: Enabled (32-bit)
 Alignments: Space 512K, Generation 512K, Heap 2M
 Heap Min Capacity: 100M
 Heap Initial Capacity: 100M
 Heap Max Capacity: 1G
 Pre-touch: Disabled
 Parallel Workers: 8
Heap:
 PSYoungGen      total 19456K, used 11433K [0x00000000eab00000, 0x00000000ec100000, 0x0000000100000000)
  eden space 17408K, 58% used [0x00000000eab00000,0x00000000eb4f26d8,0x00000000ebc00000)
  from space 2048K, 60% used [0x00000000ebd00000,0x00000000ebe38038,0x00000000ebf00000)
  to   space 1536K, 0% used [0x00000000ebf80000,0x00000000ebf80000,0x00000000ec100000)
 ParOldGen       total 68608K, used 30334K [0x00000000c0000000, 0x00000000c4300000, 0x00000000eab00000)
  object space 68608K, 44% used [0x00000000c0000000,0x00000000c1d9fa78,0x00000000c4300000)
 Metaspace       used 44630K, committed 45376K, reserved 1114112K
  class space    used 4515K, committed 4864K, reserved 1048576K
GC Heap History (20 events):
Event: 6.130 GC heap before
{Heap before GC invocations=14 (full 2):
 PSYoungGen      total 24064K, used 24000K [0x00000000eab00000, 0x00000000ec680000, 0x0000000100000000)
  eden space 22016K, 100% used [0x00000000eab00000,0x00000000ec080000,0x00000000ec080000)
  from space 2048K, 96% used [0x00000000ec280000,0x00000000ec470010,0x00000000ec480000)
  to   space 2048K, 0% used [0x00000000ec480000,0x00000000ec480000,0x00000000ec680000)
 ParOldGen       total 68608K, used 14456K [0x00000000c0000000, 0x00000000c4300000, 0x00000000eab00000)
  object space 68608K, 21% used [0x00000000c0000000,0x00000000c0e1e068,0x00000000c4300000)
 Metaspace       used 37563K, committed 38336K, reserved 1114112K
  class space    used 3789K, committed 4160K, reserved 1048576K
}
Event: 6.133 GC heap after
{Heap after GC invocations=14 (full 2):
 PSYoungGen      total 24064K, used 1952K [0x00000000eab00000, 0x00000000ec680000, 0x0000000100000000)
  eden space 22016K, 0% used [0x00000000eab00000,0x00000000eab00000,0x00000000ec080000)
  from space 2048K, 95% used [0x00000000ec480000,0x00000000ec668010,0x00000000ec680000)
  to   space 2048K, 0% used [0x00000000ec280000,0x00000000ec280000,0x00000000ec480000)
 ParOldGen       total 68608K, used 16248K [0x00000000c0000000, 0x00000000c4300000, 0x00000000eab00000)
  object space 68608K, 23% used [0x00000000c0000000,0x00000000c0fde068,0x00000000c4300000)
 Metaspace       used 37563K, committed 38336K, reserved 1114112K
  class space    used 3789K, committed 4160K, reserved 1048576K
}
Event: 6.201 GC heap before
{Heap before GC invocations=15 (full 2):
 PSYoungGen      total 24064K, used 23968K [0x00000000eab00000, 0x00000000ec680000, 0x0000000100000000)
  eden space 22016K, 100% used [0x00000000eab00000,0x00000000ec080000,0x00000000ec080000)
  from space 2048K, 95% used [0x00000000ec480000,0x00000000ec668010,0x00000000ec680000)
  to   space 2048K, 0% used [0x00000000ec280000,0x00000000ec280000,0x00000000ec480000)
 ParOldGen       total 68608K, used 16248K [0x00000000c0000000, 0x00000000c4300000, 0x00000000eab00000)
  object space 68608K, 23% used [0x00000000c0000000,0x00000000c0fde068,0x00000000c4300000)
 Metaspace       used 37682K, committed 38400K, reserved 1114112K
  class space    used 3804K, committed 4160K, reserved 1048576K
}
Event: 6.204 GC heap after
{Heap after GC invocations=15 (full 2):
 PSYoungGen      total 24064K, used 1952K [0x00000000eab00000, 0x00000000ec500000, 0x0000000100000000)
  eden space 22016K, 0% used [0x00000000eab00000,0x00000000eab00000,0x00000000ec080000)
  from space 2048K, 95% used [0x00000000ec280000,0x00000000ec468000,0x00000000ec480000)
  to   space 512K, 0% used [0x00000000ec480000,0x00000000ec480000,0x00000000ec500000)
 ParOldGen       total 68608K, used 18140K [0x00000000c0000000, 0x00000000c4300000, 0x00000000eab00000)
  object space 68608K, 26% used [0x00000000c0000000,0x00000000c11b73d0,0x00000000c4300000)
 Metaspace       used 37682K, committed 38400K, reserved 1114112K
  class space    used 3804K, committed 4160K, reserved 1048576K
}
Event: 6.244 GC heap before
{Heap before GC invocations=16 (full 2):
 PSYoungGen      total 24064K, used 23968K [0x00000000eab00000, 0x00000000ec500000, 0x0000000100000000)
  eden space 22016K, 100% used [0x00000000eab00000,0x00000000ec080000,0x00000000ec080000)
  from space 2048K, 95% used [0x00000000ec280000,0x00000000ec468000,0x00000000ec480000)
  to   space 512K, 0% used [0x00000000ec480000,0x00000000ec480000,0x00000000ec500000)
 ParOldGen       total 68608K, used 18140K [0x00000000c0000000, 0x00000000c4300000, 0x00000000eab00000)
  object space 68608K, 26% used [0x00000000c0000000,0x00000000c11b73d0,0x00000000c4300000)
 Metaspace       used 37682K, committed 38400K, reserved 1114112K
  class space    used 3804K, committed 4160K, reserved 1048576K
}
Event: 6.247 GC heap after
{Heap after GC invocations=16 (full 2):
 PSYoungGen      total 22016K, used 512K [0x00000000eab00000, 0x00000000ec980000, 0x0000000100000000)
  eden space 21504K, 0% used [0x00000000eab00000,0x00000000eab00000,0x00000000ec000000)
  from space 512K, 100% used [0x00000000ec480000,0x00000000ec500000,0x00000000ec500000)
  to   space 4608K, 0% used [0x00000000ec000000,0x00000000ec000000,0x00000000ec480000)
 ParOldGen       total 68608K, used 21477K [0x00000000c0000000, 0x00000000c4300000, 0x00000000eab00000)
  object space 68608K, 31% used [0x00000000c0000000,0x00000000c14f9460,0x00000000c4300000)
 Metaspace       used 37682K, committed 38400K, reserved 1114112K
  class space    used 3804K, committed 4160K, reserved 1048576K
}
Event: 6.288 GC heap before
{Heap before GC invocations=17 (full 2):
 PSYoungGen      total 22016K, used 22016K [0x00000000eab00000, 0x00000000ec980000, 0x0000000100000000)
  eden space 21504K, 100% used [0x00000000eab00000,0x00000000ec000000,0x00000000ec000000)
  from space 512K, 100% used [0x00000000ec480000,0x00000000ec500000,0x00000000ec500000)
  to   space 4608K, 0% used [0x00000000ec000000,0x00000000ec000000,0x00000000ec480000)
 ParOldGen       total 68608K, used 21477K [0x00000000c0000000, 0x00000000c4300000, 0x00000000eab00000)
  object space 68608K, 31% used [0x00000000c0000000,0x00000000c14f9460,0x00000000c4300000)
 Metaspace       used 37683K, committed 38400K, reserved 1114112K
  class space    used 3804K, committed 4160K, reserved 1048576K
}
Event: 6.290 GC heap after
{Heap after GC invocations=17 (full 2):
 PSYoungGen      total 24064K, used 2208K [0x00000000eab00000, 0x00000000ec600000, 0x0000000100000000)
  eden space 21504K, 0% used [0x00000000eab00000,0x00000000eab00000,0x00000000ec000000)
  from space 2560K, 86% used [0x00000000ec000000,0x00000000ec228010,0x00000000ec280000)
  to   space 3072K, 0% used [0x00000000ec300000,0x00000000ec300000,0x00000000ec600000)
 ParOldGen       total 68608K, used 22013K [0x00000000c0000000, 0x00000000c4300000, 0x00000000eab00000)
  object space 68608K, 32% used [0x00000000c0000000,0x00000000c157f460,0x00000000c4300000)
 Metaspace       used 37683K, committed 38400K, reserved 1114112K
  class space    used 3804K, committed 4160K, reserved 1048576K
}
Event: 6.433 GC heap before
{Heap before GC invocations=18 (full 2):
 PSYoungGen      total 24064K, used 23712K [0x00000000eab00000, 0x00000000ec600000, 0x0000000100000000)
  eden space 21504K, 100% used [0x00000000eab00000,0x00000000ec000000,0x00000000ec000000)
  from space 2560K, 86% used [0x00000000ec000000,0x00000000ec228010,0x00000000ec280000)
  to   space 3072K, 0% used [0x00000000ec300000,0x00000000ec300000,0x00000000ec600000)
 ParOldGen       total 68608K, used 22013K [0x00000000c0000000, 0x00000000c4300000, 0x00000000eab00000)
  object space 68608K, 32% used [0x00000000c0000000,0x00000000c157f460,0x00000000c4300000)
 Metaspace       used 38106K, committed 38912K, reserved 1114112K
  class space    used 3844K, committed 4224K, reserved 1048576K
}
Event: 6.437 GC heap after
{Heap after GC invocations=18 (full 2):
 PSYoungGen      total 20480K, used 3040K [0x00000000eab00000, 0x00000000ece00000, 0x0000000100000000)
  eden space 17408K, 0% used [0x00000000eab00000,0x00000000eab00000,0x00000000ebc00000)
  from space 3072K, 98% used [0x00000000ec300000,0x00000000ec5f8060,0x00000000ec600000)
  to   space 7168K, 0% used [0x00000000ebc00000,0x00000000ebc00000,0x00000000ec300000)
 ParOldGen       total 68608K, used 25201K [0x00000000c0000000, 0x00000000c4300000, 0x00000000eab00000)
  object space 68608K, 36% used [0x00000000c0000000,0x00000000c189c470,0x00000000c4300000)
 Metaspace       used 38106K, committed 38912K, reserved 1114112K
  class space    used 3844K, committed 4224K, reserved 1048576K
}
Event: 6.800 GC heap before
{Heap before GC invocations=19 (full 2):
 PSYoungGen      total 20480K, used 20448K [0x00000000eab00000, 0x00000000ece00000, 0x0000000100000000)
  eden space 17408K, 100% used [0x00000000eab00000,0x00000000ebc00000,0x00000000ebc00000)
  from space 3072K, 98% used [0x00000000ec300000,0x00000000ec5f8060,0x00000000ec600000)
  to   space 7168K, 0% used [0x00000000ebc00000,0x00000000ebc00000,0x00000000ec300000)
 ParOldGen       total 68608K, used 25201K [0x00000000c0000000, 0x00000000c4300000, 0x00000000eab00000)
  object space 68608K, 36% used [0x00000000c0000000,0x00000000c189c470,0x00000000c4300000)
 Metaspace       used 40104K, committed 40896K, reserved 1114112K
  class space    used 4099K, committed 4480K, reserved 1048576K
}
Event: 6.805 GC heap after
{Heap after GC invocations=19 (full 2):
 PSYoungGen      total 18432K, used 861K [0x00000000eab00000, 0x00000000ec380000, 0x0000000100000000)
  eden space 17408K, 0% used [0x00000000eab00000,0x00000000eab00000,0x00000000ebc00000)
  from space 1024K, 84% used [0x00000000ebc00000,0x00000000ebcd7448,0x00000000ebd00000)
  to   space 3072K, 0% used [0x00000000ec080000,0x00000000ec080000,0x00000000ec380000)
 ParOldGen       total 68608K, used 28089K [0x00000000c0000000, 0x00000000c4300000, 0x00000000eab00000)
  object space 68608K, 40% used [0x00000000c0000000,0x00000000c1b6e4d0,0x00000000c4300000)
 Metaspace       used 40104K, committed 40896K, reserved 1114112K
  class space    used 4099K, committed 4480K, reserved 1048576K
}
Event: 7.190 GC heap before
{Heap before GC invocations=20 (full 2):
 PSYoungGen      total 18432K, used 18269K [0x00000000eab00000, 0x00000000ec380000, 0x0000000100000000)
  eden space 17408K, 100% used [0x00000000eab00000,0x00000000ebc00000,0x00000000ebc00000)
  from space 1024K, 84% used [0x00000000ebc00000,0x00000000ebcd7448,0x00000000ebd00000)
  to   space 3072K, 0% used [0x00000000ec080000,0x00000000ec080000,0x00000000ec380000)
 ParOldGen       total 68608K, used 28089K [0x00000000c0000000, 0x00000000c4300000, 0x00000000eab00000)
  object space 68608K, 40% used [0x00000000c0000000,0x00000000c1b6e4d0,0x00000000c4300000)
 Metaspace       used 40778K, committed 41600K, reserved 1114112K
  class space    used 4196K, committed 4544K, reserved 1048576K
}
Event: 7.191 GC heap after
{Heap after GC invocations=20 (full 2):
 PSYoungGen      total 17920K, used 256K [0x00000000eab00000, 0x00000000ec100000, 0x0000000100000000)
  eden space 17408K, 0% used [0x00000000eab00000,0x00000000eab00000,0x00000000ebc00000)
  from space 512K, 50% used [0x00000000ec080000,0x00000000ec0c0000,0x00000000ec100000)
  to   space 1024K, 0% used [0x00000000ebf00000,0x00000000ebf00000,0x00000000ec000000)
 ParOldGen       total 68608K, used 28853K [0x00000000c0000000, 0x00000000c4300000, 0x00000000eab00000)
  object space 68608K, 42% used [0x00000000c0000000,0x00000000c1c2d4d0,0x00000000c4300000)
 Metaspace       used 40778K, committed 41600K, reserved 1114112K
  class space    used 4196K, committed 4544K, reserved 1048576K
}
Event: 7.722 GC heap before
{Heap before GC invocations=21 (full 2):
 PSYoungGen      total 17920K, used 17634K [0x00000000eab00000, 0x00000000ec100000, 0x0000000100000000)
  eden space 17408K, 99% used [0x00000000eab00000,0x00000000ebbf8a80,0x00000000ebc00000)
  from space 512K, 50% used [0x00000000ec080000,0x00000000ec0c0000,0x00000000ec100000)
  to   space 1024K, 0% used [0x00000000ebf00000,0x00000000ebf00000,0x00000000ec000000)
 ParOldGen       total 68608K, used 28853K [0x00000000c0000000, 0x00000000c4300000, 0x00000000eab00000)
  object space 68608K, 42% used [0x00000000c0000000,0x00000000c1c2d4d0,0x00000000c4300000)
 Metaspace       used 42704K, committed 43456K, reserved 1114112K
  class space    used 4337K, committed 4672K, reserved 1048576K
}
Event: 7.723 GC heap after
{Heap after GC invocations=21 (full 2):
 PSYoungGen      total 18432K, used 355K [0x00000000eab00000, 0x00000000ec100000, 0x0000000100000000)
  eden space 17408K, 0% used [0x00000000eab00000,0x00000000eab00000,0x00000000ebc00000)
  from space 1024K, 34% used [0x00000000ebf00000,0x00000000ebf58c38,0x00000000ec000000)
  to   space 512K, 0% used [0x00000000ec080000,0x00000000ec080000,0x00000000ec100000)
 ParOldGen       total 68608K, used 29069K [0x00000000c0000000, 0x00000000c4300000, 0x00000000eab00000)
  object space 68608K, 42% used [0x00000000c0000000,0x00000000c1c634d0,0x00000000c4300000)
 Metaspace       used 42704K, committed 43456K, reserved 1114112K
  class space    used 4337K, committed 4672K, reserved 1048576K
}
Event: 7.894 GC heap before
{Heap before GC invocations=22 (full 2):
 PSYoungGen      total 18432K, used 17763K [0x00000000eab00000, 0x00000000ec100000, 0x0000000100000000)
  eden space 17408K, 100% used [0x00000000eab00000,0x00000000ebc00000,0x00000000ebc00000)
  from space 1024K, 34% used [0x00000000ebf00000,0x00000000ebf58c38,0x00000000ec000000)
  to   space 512K, 0% used [0x00000000ec080000,0x00000000ec080000,0x00000000ec100000)
 ParOldGen       total 68608K, used 29069K [0x00000000c0000000, 0x00000000c4300000, 0x00000000eab00000)
  object space 68608K, 42% used [0x00000000c0000000,0x00000000c1c634d0,0x00000000c4300000)
 Metaspace       used 43280K, committed 44096K, reserved 1114112K
  class space    used 4383K, committed 4736K, reserved 1048576K
}
Event: 7.897 GC heap after
{Heap after GC invocations=22 (full 2):
 PSYoungGen      total 17920K, used 482K [0x00000000eab00000, 0x00000000ec100000, 0x0000000100000000)
  eden space 17408K, 0% used [0x00000000eab00000,0x00000000eab00000,0x00000000ebc00000)
  from space 512K, 94% used [0x00000000ec080000,0x00000000ec0f8850,0x00000000ec100000)
  to   space 2048K, 0% used [0x00000000ebd00000,0x00000000ebd00000,0x00000000ebf00000)
 ParOldGen       total 68608K, used 30024K [0x00000000c0000000, 0x00000000c4300000, 0x00000000eab00000)
  object space 68608K, 43% used [0x00000000c0000000,0x00000000c1d52288,0x00000000c4300000)
 Metaspace       used 43280K, committed 44096K, reserved 1114112K
  class space    used 4383K, committed 4736K, reserved 1048576K
}
Event: 7.990 GC heap before
{Heap before GC invocations=23 (full 2):
 PSYoungGen      total 17920K, used 17890K [0x00000000eab00000, 0x00000000ec100000, 0x0000000100000000)
  eden space 17408K, 100% used [0x00000000eab00000,0x00000000ebc00000,0x00000000ebc00000)
  from space 512K, 94% used [0x00000000ec080000,0x00000000ec0f8850,0x00000000ec100000)
  to   space 2048K, 0% used [0x00000000ebd00000,0x00000000ebd00000,0x00000000ebf00000)
 ParOldGen       total 68608K, used 30024K [0x00000000c0000000, 0x00000000c4300000, 0x00000000eab00000)
  object space 68608K, 43% used [0x00000000c0000000,0x00000000c1d52288,0x00000000c4300000)
 Metaspace       used 43292K, committed 44096K, reserved 1114112K
  class space    used 4383K, committed 4736K, reserved 1048576K
}
Event: 7.991 GC heap after
{Heap after GC invocations=23 (full 2):
 PSYoungGen      total 19456K, used 1248K [0x00000000eab00000, 0x00000000ec100000, 0x0000000100000000)
  eden space 17408K, 0% used [0x00000000eab00000,0x00000000eab00000,0x00000000ebc00000)
  from space 2048K, 60% used [0x00000000ebd00000,0x00000000ebe38038,0x00000000ebf00000)
  to   space 1536K, 0% used [0x00000000ebf80000,0x00000000ebf80000,0x00000000ec100000)
 ParOldGen       total 68608K, used 30334K [0x00000000c0000000, 0x00000000c4300000, 0x00000000eab00000)
  object space 68608K, 44% used [0x00000000c0000000,0x00000000c1d9fa78,0x00000000c4300000)
 Metaspace       used 43292K, committed 44096K, reserved 1114112K
  class space    used 4383K, committed 4736K, reserved 1048576K
}

